<?xml version="1.0" encoding="UTF-8"?>
<!-- Generated by org.testng.reporters.JUnitXMLReporter -->
<testsuite ignored="0" hostname="DESKTOP-6J3RIMT" failures="0" tests="5" name="Default test" time="3.524" errors="0" timestamp="2025-05-14T23:00:24 GMT+03:00">
  <testcase classname="DataBaseTesting.DataBaseTesting.AppTest" name="InsertIntoDatabase" time="0.04"/>
  <testcase classname="DataBaseTesting.DataBaseTesting.AppTest" name="updateDataBase" time="0.003"/>
  <testcase classname="DataBaseTesting.DataBaseTesting.AppTest" name="ReadDataBase" time="0.14"/>
  <testcase classname="DataBaseTesting.DataBaseTesting.AppTest" name="addLastName" time="0.069"/>
  <testcase classname="DataBaseTesting.DataBaseTesting.AppTest" name="addCustomerEmail" time="0.105"/>
</testsuite> <!-- Default test -->
