<?xml version="1.0" encoding="UTF-8"?>
<testng-results ignored="0" total="6" passed="6" failed="0" skipped="0">
  <reporter-output>
  </reporter-output>
  <suite started-at="2025-05-23T01:13:37 GMT+03:00" name="Default suite" finished-at="2025-05-23T01:13:40 GMT+03:00" duration-ms="3184">
    <groups>
    </groups>
    <test started-at="2025-05-23T01:13:37 GMT+03:00" name="Default test" finished-at="2025-05-23T01:13:40 GMT+03:00" duration-ms="3184">
      <class name="DataBaseTesting.DataBaseTesting.AppTest">
        <test-method is-config="true" signature="setup()[pri:0, instance:DataBaseTesting.DataBaseTesting.AppTest@3569fc08]" started-at="2025-05-23T01:13:37 GMT+03:00" name="setup" finished-at="2025-05-23T01:13:40 GMT+03:00" duration-ms="2800" status="PASS">
          <reporter-output>
          </reporter-output>
        </test-method> <!-- setup -->
        <test-method signature="InsertIntoDatabase()[pri:1, instance:DataBaseTesting.DataBaseTesting.AppTest@3569fc08]" started-at="2025-05-23T01:13:40 GMT+03:00" name="InsertIntoDatabase" finished-at="2025-05-23T01:13:40 GMT+03:00" duration-ms="25" status="PASS">
          <reporter-output>
          </reporter-output>
        </test-method> <!-- InsertIntoDatabase -->
        <test-method signature="updateDataBase()[pri:2, instance:DataBaseTesting.DataBaseTesting.AppTest@3569fc08]" started-at="2025-05-23T01:13:40 GMT+03:00" name="updateDataBase" finished-at="2025-05-23T01:13:40 GMT+03:00" duration-ms="4" status="PASS">
          <reporter-output>
          </reporter-output>
        </test-method> <!-- updateDataBase -->
        <test-method signature="ReadDataBase()[pri:3, instance:DataBaseTesting.DataBaseTesting.AppTest@3569fc08]" started-at="2025-05-23T01:13:40 GMT+03:00" name="ReadDataBase" finished-at="2025-05-23T01:13:40 GMT+03:00" duration-ms="142" status="PASS">
          <reporter-output>
          </reporter-output>
        </test-method> <!-- ReadDataBase -->
        <test-method signature="addLastName()[pri:4, instance:DataBaseTesting.DataBaseTesting.AppTest@3569fc08]" started-at="2025-05-23T01:13:40 GMT+03:00" name="addLastName" finished-at="2025-05-23T01:13:40 GMT+03:00" duration-ms="70" status="PASS">
          <reporter-output>
          </reporter-output>
        </test-method> <!-- addLastName -->
        <test-method signature="addCustomerEmail()[pri:5, instance:DataBaseTesting.DataBaseTesting.AppTest@3569fc08]" started-at="2025-05-23T01:13:40 GMT+03:00" name="addCustomerEmail" finished-at="2025-05-23T01:13:40 GMT+03:00" duration-ms="67" status="PASS">
          <reporter-output>
          </reporter-output>
        </test-method> <!-- addCustomerEmail -->
        <test-method signature="deleteCustomer()[pri:6, instance:DataBaseTesting.DataBaseTesting.AppTest@3569fc08]" started-at="2025-05-23T01:13:40 GMT+03:00" name="deleteCustomer" finished-at="2025-05-23T01:13:40 GMT+03:00" duration-ms="6" status="PASS">
          <reporter-output>
          </reporter-output>
        </test-method> <!-- deleteCustomer -->
      </class> <!-- DataBaseTesting.DataBaseTesting.AppTest -->
    </test> <!-- Default test -->
  </suite> <!-- Default suite -->
</testng-results>
