<?xml version="1.0" encoding="UTF-8"?>
<testng-results ignored="0" total="6" passed="6" failed="0" skipped="0">
  <reporter-output>
  </reporter-output>
  <suite started-at="2025-05-24T18:45:14 GMT+03:00" name="Default suite" finished-at="2025-05-24T18:45:17 GMT+03:00" duration-ms="2763">
    <groups>
    </groups>
    <test started-at="2025-05-24T18:45:14 GMT+03:00" name="Default test" finished-at="2025-05-24T18:45:17 GMT+03:00" duration-ms="2763">
      <class name="DataBaseTesting.DataBaseTesting.AppTest">
        <test-method is-config="true" signature="setup()[pri:0, instance:DataBaseTesting.DataBaseTesting.AppTest@3569fc08]" started-at="2025-05-24T18:45:14 GMT+03:00" name="setup" finished-at="2025-05-24T18:45:16 GMT+03:00" duration-ms="2486" status="PASS">
          <reporter-output>
          </reporter-output>
        </test-method> <!-- setup -->
        <test-method signature="InsertIntoDatabase()[pri:1, instance:DataBaseTesting.DataBaseTesting.AppTest@3569fc08]" started-at="2025-05-24T18:45:17 GMT+03:00" name="InsertIntoDatabase" finished-at="2025-05-24T18:45:17 GMT+03:00" duration-ms="24" status="PASS">
          <reporter-output>
          </reporter-output>
        </test-method> <!-- InsertIntoDatabase -->
        <test-method signature="updateDataBase()[pri:2, instance:DataBaseTesting.DataBaseTesting.AppTest@3569fc08]" started-at="2025-05-24T18:45:17 GMT+03:00" name="updateDataBase" finished-at="2025-05-24T18:45:17 GMT+03:00" duration-ms="2" status="PASS">
          <reporter-output>
          </reporter-output>
        </test-method> <!-- updateDataBase -->
        <test-method signature="ReadDataBase()[pri:3, instance:DataBaseTesting.DataBaseTesting.AppTest@3569fc08]" started-at="2025-05-24T18:45:17 GMT+03:00" name="ReadDataBase" finished-at="2025-05-24T18:45:17 GMT+03:00" duration-ms="86" status="PASS">
          <reporter-output>
          </reporter-output>
        </test-method> <!-- ReadDataBase -->
        <test-method signature="addLastName()[pri:4, instance:DataBaseTesting.DataBaseTesting.AppTest@3569fc08]" started-at="2025-05-24T18:45:17 GMT+03:00" name="addLastName" finished-at="2025-05-24T18:45:17 GMT+03:00" duration-ms="50" status="PASS">
          <reporter-output>
          </reporter-output>
        </test-method> <!-- addLastName -->
        <test-method signature="addCustomerEmail()[pri:5, instance:DataBaseTesting.DataBaseTesting.AppTest@3569fc08]" started-at="2025-05-24T18:45:17 GMT+03:00" name="addCustomerEmail" finished-at="2025-05-24T18:45:17 GMT+03:00" duration-ms="56" status="PASS">
          <reporter-output>
          </reporter-output>
        </test-method> <!-- addCustomerEmail -->
        <test-method signature="deleteCustomer()[pri:6, instance:DataBaseTesting.DataBaseTesting.AppTest@3569fc08]" started-at="2025-05-24T18:45:17 GMT+03:00" name="deleteCustomer" finished-at="2025-05-24T18:45:17 GMT+03:00" duration-ms="10" status="PASS">
          <reporter-output>
          </reporter-output>
        </test-method> <!-- deleteCustomer -->
      </class> <!-- DataBaseTesting.DataBaseTesting.AppTest -->
    </test> <!-- Default test -->
  </suite> <!-- Default suite -->
</testng-results>
